<?xml version="1.0" encoding="UTF-8"?>
<!-- Generated by org.testng.reporters.JUnitXMLReporter -->
<testsuite ignored="1" hostname="DESKTOP-RE3DM9I" failures="0" tests="1" name="Test" time="316.651" errors="0" timestamp="2021-04-13T15:13:28 IST">
  <testcase classname="testcases.ShareDoctorProfile" name="ShareDoctorProfileInClinicTest" time="136.846"/>
  <testcase classname="testcases.ShareDoctorProfile" name="ShareDoctorProfileTest" time="0.0">
    <ignored/>
  </testcase> <!-- ShareDoctorProfileTest -->
</testsuite> <!-- Test -->
