<?xml version="1.0" encoding="UTF-8"?>
<testng-results ignored="1" total="2" passed="1" failed="0" skipped="0">
  <reporter-output>
  </reporter-output>
  <suite started-at="2021-04-13T15:08:12 IST" name="Suite" finished-at="2021-04-13T15:13:28 IST" duration-ms="316651">
    <groups>
    </groups>
    <test started-at="2021-04-13T15:08:12 IST" name="Test" finished-at="2021-04-13T15:13:28 IST" duration-ms="316651">
      <class name="testcases.ShareDoctorProfile">
        <test-method is-config="true" signature="setUp()[pri:0, instance:testcases.ShareDoctorProfile@5d534f5d]" started-at="2021-04-13T15:08:12 IST" name="setUp" finished-at="2021-04-13T15:10:56 IST" duration-ms="163694" status="PASS">
          <reporter-output>
          </reporter-output>
        </test-method> <!-- setUp -->
        <test-method signature="ShareDoctorProfileInClinicTest()[pri:2, instance:testcases.ShareDoctorProfile@5d534f5d]" started-at="2021-04-13T15:10:56 IST" name="ShareDoctorProfileInClinicTest" description="Share Doctor Profile from clinic" finished-at="2021-04-13T15:13:12 IST" duration-ms="136846" status="PASS">
          <reporter-output>
          </reporter-output>
        </test-method> <!-- ShareDoctorProfileInClinicTest -->
        <test-method is-config="true" signature="TearDown(org.testng.ITestResult)[pri:0, instance:testcases.ShareDoctorProfile@5d534f5d]" started-at="2021-04-13T15:13:12 IST" name="TearDown" finished-at="2021-04-13T15:13:28 IST" duration-ms="16051" status="PASS">
          <params>
            <param index="0">
              <value>
                <![CDATA[[TestResult name=ShareDoctorProfileInClinicTest status=SUCCESS method=ShareDoctorProfile.ShareDoctorProfileInClinicTest()[pri:2, instance:testcases.ShareDoctorProfile@5d534f5d] output={null}]]]>
              </value>
            </param>
          </params>
          <reporter-output>
          </reporter-output>
        </test-method> <!-- TearDown -->
      </class> <!-- testcases.ShareDoctorProfile -->
    </test> <!-- Test -->
  </suite> <!-- Suite -->
</testng-results>
